<?xml version="1.0" encoding="UTF-8"?>
<!-- Generated by org.testng.reporters.JUnitXMLReporter -->
<testsuite ignored="0" hostname="Arnus-MacBook-Air.local" failures="0" tests="2" name="Surefire test" time="8.209" errors="0" timestamp="2024-11-12T15:59:39 IST">
  <testcase classname="io.cucumber.testng.AbstractTestNGCucumberTests" name="runScenario" time="7.705"/>
  <testcase classname="io.cucumber.testng.AbstractTestNGCucumberTests" name="runScenario" time="7.743"/>
</testsuite> <!-- Surefire test -->
