<?xml version="1.0" encoding="UTF-8"?>
<testsuite xmlns:xsi="http://www.w3.org/2001/XMLSchema-instance" xsi:noNamespaceSchemaLocation="https://maven.apache.org/surefire/maven-surefire-plugin/xsd/surefire-test-report-3.0.xsd" version="3.0" name="TestSuite" time="35.472" tests="4" errors="0" skipped="0" failures="1">
  <properties>
[...]
</properties>
  <testcase name="runScenario[&quot;Search Experience for Product in both home and Ofers page&quot;, &quot;Search and Place the Order for Product&quot;](1)" classname="cucumberOptions.TestNGTestRunner" time="17.091">
    <system-out><![CDATA[GreenKart - veg and fruits kart
GreenKart - veg and fruits kart
GreenKart - veg and fruits kart
productName is extracted from Home Page : Beetroot
productName is extracted from Home Page : Tomato
productName is extracted from Home Page : Tomato
26297192728D43216EA51DB9A4F4C48B:26297192728D43216EA51DB9A4F4C48B
938695AB20820E2EA1BB7429A0D384EE
]]></system-out>
    <system-err><![CDATA[SLF4J: Failed to load class "org.slf4j.impl.StaticLoggerBinder".
SLF4J: Defaulting to no-operation (NOP) logger implementation
SLF4J: See http://www.slf4j.org/codes.html#StaticLoggerBinder for further details.
Nov 20, 2024 4:25:16 PM org.openqa.selenium.remote.tracing.opentelemetry.OpenTelemetryTracer createTracer
INFO: Using OpenTelemetry for tracing
]]></system-err>
  </testcase>
  <testcase name="runScenario[&quot;Search Experience for Product in both home and Ofers page&quot;, &quot;Search and Place the Order for Product&quot;](2)" classname="cucumberOptions.TestNGTestRunner" time="17.419"/>
  <testcase name="runScenario[&quot;Search Experience for Product in both home and Ofers page&quot;, &quot;Search and Place the Order for Product&quot;](3)" classname="cucumberOptions.TestNGTestRunner" time="17.895"/>
  <testcase name="runScenario[&quot;Search Experience for Product in both home and Ofers page&quot;, &quot;Search and Place the Order for Product&quot;](4)" classname="cucumberOptions.TestNGTestRunner" time="33.7">
    <failure message="expected [Beetroot] but found [No data]" type="java.lang.AssertionError"><![CDATA[java.lang.AssertionError: expected [Beetroot] but found [No data]
]]></failure>
    <system-out><![CDATA[GreenKart - veg and fruits kart
productName is extracted from Home Page : Beetroot
51F9DE33AB5114D5CB9DBCE8A69DCD99:51F9DE33AB5114D5CB9DBCE8A69DCD99
0D99CDE4BC439230A1A36F171D6A1DFE
]]></system-out>
  </testcase>
</testsuite>