<?xml version="1.0" encoding="UTF-8"?>
<!-- Generated by org.testng.reporters.JUnitReportReporter -->
<testsuite hostname="Arnus-MacBook-Air.local" failures="1" tests="4" name="cucumberOptions.TestNGTestRunner" time="86.090" errors="0" timestamp="2024-11-20T16:25:51 IST" skipped="0">
  <testcase classname="cucumberOptions.TestNGTestRunner" name="runScenario" time="33.692">
    <failure message="expected [Beetroot] but found [No data]" type="java.lang.AssertionError">
      <![CDATA[java.lang.AssertionError: expected [Beetroot] but found [No data]
at org.testng.Assert.fail(Assert.java:111)
at org.testng.Assert.failNotEquals(Assert.java:1578)
at org.testng.Assert.assertEqualsImpl(Assert.java:150)
at org.testng.Assert.assertEquals(Assert.java:132)
at org.testng.Assert.assertEquals(Assert.java:656)
at org.testng.Assert.assertEquals(Assert.java:666)
at stepDefinations.OffersPageStepDefination.validate_product_name_in_offers_page_matches_with_Landing_page(OffersPageStepDefination.java:50)
at ✽.Validate product name in offers page matches with Landing page(file:///Users/arnu/Desktop/Eclipse/CucumberJavaFramework/src/test/java/features/searchProduct.feature:10)
]]>
    </failure>
  </testcase> <!-- runScenario -->
  <testcase classname="cucumberOptions.TestNGTestRunner" name="runScenario" time="17.084"/>
  <testcase classname="cucumberOptions.TestNGTestRunner" name="runScenario" time="17.420"/>
  <testcase classname="cucumberOptions.TestNGTestRunner" name="runScenario" time="17.894"/>
</testsuite> <!-- cucumberOptions.TestNGTestRunner -->
